0 info it worked if it ends with ok
1 verbose cli [ '/usr/local/Cellar/node/6.0.0/bin/node',
1 verbose cli   '/usr/local/bin/npm',
1 verbose cli   'run',
1 verbose cli   'server' ]
2 info using npm@3.8.6
3 info using node@v6.0.0
4 verbose run-script [ 'preserver', 'server', 'postserver' ]
5 info lifecycle chatroom@0.0.1~preserver: chatroom@0.0.1
6 silly lifecycle chatroom@0.0.1~preserver: no script for preserver, continuing
7 info lifecycle chatroom@0.0.1~server: chatroom@0.0.1
8 verbose lifecycle chatroom@0.0.1~server: unsafe-perm in lifecycle true
9 verbose lifecycle chatroom@0.0.1~server: PATH: /usr/local/lib/node_modules/npm/bin/node-gyp-bin:/Users/gengliming/Desktop/let-us-nodejs/1.chat/node_modules/.bin:/usr/local/Cellar/node/6.0.0/bin:/Users/gengliming/.rvm/gems/ruby-2.0.0-p643/bin:/Users/gengliming/.rvm/gems/ruby-2.0.0-p643@global/bin:/Users/gengliming/.rvm/rubies/ruby-2.0.0-p643/bin:/usr/local/bin:/usr/bin:/bin:/usr/sbin:/sbin:/Users/gengliming/.rvm/bin
10 verbose lifecycle chatroom@0.0.1~server: CWD: /Users/gengliming/Desktop/let-us-nodejs/1.chat
11 silly lifecycle chatroom@0.0.1~server: Args: [ '-c', 'babel-node server.js' ]
12 info lifecycle chatroom@0.0.1~server: Failed to exec server script
13 verbose stack Error: chatroom@0.0.1 server: `babel-node server.js`
13 verbose stack spawn ENOENT
13 verbose stack     at ChildProcess.<anonymous> (/usr/local/lib/node_modules/npm/lib/utils/spawn.js:17:16)
13 verbose stack     at emitTwo (events.js:106:13)
13 verbose stack     at ChildProcess.emit (events.js:191:7)
13 verbose stack     at maybeClose (internal/child_process.js:850:16)
13 verbose stack     at Process.ChildProcess._handle.onexit (internal/child_process.js:215:5)
14 verbose pkgid chatroom@0.0.1
15 verbose cwd /Users/gengliming/Desktop/let-us-nodejs/1.chat
16 error Darwin 15.4.0
17 error argv "/usr/local/Cellar/node/6.0.0/bin/node" "/usr/local/bin/npm" "run" "server"
18 error node v6.0.0
19 error npm  v3.8.6
20 error file sh
21 error code ELIFECYCLE
22 error errno ENOENT
23 error syscall spawn
24 error chatroom@0.0.1 server: `babel-node server.js`
24 error spawn ENOENT
25 error Failed at the chatroom@0.0.1 server script 'babel-node server.js'.
25 error Make sure you have the latest version of node.js and npm installed.
25 error If you do, this is most likely a problem with the chatroom package,
25 error not with npm itself.
25 error Tell the author that this fails on your system:
25 error     babel-node server.js
25 error You can get information on how to open an issue for this project with:
25 error     npm bugs chatroom
25 error Or if that isn't available, you can get their info via:
25 error     npm owner ls chatroom
25 error There is likely additional logging output above.
26 verbose exit [ 1, true ]
